<?xml version="1.0" encoding="UTF-8"?>
<!-- Generated by org.testng.reporters.JUnitReportReporter -->
<testsuite hostname="SML-0687" name="jenkinsdemo.DemoJenkinsJob" tests="1" failures="0" timestamp="13 Nov 2017 11:27:48 GMT" time="13.261" errors="0">
  <testcase name="jenkinsdemo" time="13.261" classname="jenkinsdemo.DemoJenkinsJob"/>
</testsuite> <!-- jenkinsdemo.DemoJenkinsJob -->
